[0mCompiling "resources/public/js/compiled/spacetrader.js" from ["src"]...[0m
[31mFailed to compile "resources/public/js/compiled/spacetrader.js" in 0.824 seconds.[0m
[36m----  Could not Analyze  src/spacetrader/components.cljs  ----[0m

  [1mNo such namespace: reagent.core, could not locate reagent/core.cljs, reagent/core.cljc, or JavaScript source providing "reagent.core" [0m

[36m----  Analysis Error : Please see src/spacetrader/components.cljs  ----[0m
[0mCompiling "resources/public/js/compiled/spacetrader.js" from ["src"]...[0m
[31mFailed to compile "resources/public/js/compiled/spacetrader.js" in 0.813 seconds.[0m
[36m----  Could not Analyze  src/spacetrader/core.cljs  ----[0m

  [1mNo such namespace: reagent.core, could not locate reagent/core.cljs, reagent/core.cljc, or JavaScript source providing "reagent.core" [0m

[36m----  Analysis Error : Please see src/spacetrader/core.cljs  ----[0m
[0mCompiling "resources/public/js/compiled/spacetrader.js" from ["src"]...[0m
[32mSuccessfully compiled "resources/public/js/compiled/spacetrader.js" in 25.347 seconds.[0m
notifying browser that file changed:  resources/public/js/compiled/out/goog/deps.js
notifying browser that file changed:  resources/public/js/compiled/out/cljs_deps.js
notifying browser that file changed:  resources\public\js\compiled\out\spacetrader\core.js
[0mCompiling "resources/public/js/compiled/spacetrader.js" from ["src"]...[0m
[32mSuccessfully compiled "resources/public/js/compiled/spacetrader.js" in 2.817 seconds.[0m
notifying browser that file changed:  resources\public\js\compiled\out\spacetrader\core.js
Notifying browser that CSS file changed: resources/public/css/style.css
[0mCompiling "resources/public/js/compiled/spacetrader.js" from ["src"]...[0m
[32mSuccessfully compiled "resources/public/js/compiled/spacetrader.js" in 2.671 seconds.[0m
notifying browser that file changed:  resources\public\js\compiled\out\spacetrader\core.js
Notifying browser that CSS file changed: resources/public/css/style.css
Notifying browser that CSS file changed: resources/public/css/style.css
[0mCompiling "resources/public/js/compiled/spacetrader.js" from ["src"]...[0m
[32mSuccessfully compiled "resources/public/js/compiled/spacetrader.js" in 2.761 seconds.[0m
notifying browser that file changed:  resources\public\js\compiled\out\spacetrader\core.js
Notifying browser that CSS file changed: resources/public/css/style.css
Notifying browser that CSS file changed: resources/public/css/style.css
Notifying browser that CSS file changed: resources/public/css/style.css
Notifying browser that CSS file changed: resources/public/css/style.css
Notifying browser that CSS file changed: resources/public/css/style.css
Notifying browser that CSS file changed: resources/public/css/style.css
Notifying browser that CSS file changed: resources/public/css/style.css
[0mCompiling "resources/public/js/compiled/spacetrader.js" from ["src"]...[0m
[32mSuccessfully compiled "resources/public/js/compiled/spacetrader.js" in 3.416 seconds.[0m
notifying browser that file changed:  resources\public\js\compiled\out\spacetrader\core.js
Notifying browser that CSS file changed: resources/public/css/style.css
[0mCompiling "resources/public/js/compiled/spacetrader.js" from ["src"]...[0m
[32mSuccessfully compiled "resources/public/js/compiled/spacetrader.js" in 4.477 seconds.[0m
notifying browser that file changed:  resources\public\js\compiled\out\spacetrader\core.js
[0mCompiling "resources/public/js/compiled/spacetrader.js" from ["src"]...[0m
[32mSuccessfully compiled "resources/public/js/compiled/spacetrader.js" in 3.226 seconds.[0m
notifying browser that file changed:  resources\public\js\compiled\out\spacetrader\core.js
Notifying browser that CSS file changed: resources/public/css/style.css
[0mCompiling "resources/public/js/compiled/spacetrader.js" from ["src"]...[0m
[32mSuccessfully compiled "resources/public/js/compiled/spacetrader.js" in 6.717 seconds.[0m
notifying browser that file changed:  resources\public\js\compiled\out\spacetrader\core.js
[0mCompiling "resources/public/js/compiled/spacetrader.js" from ["src"]...[0m
[32mSuccessfully compiled "resources/public/js/compiled/spacetrader.js" in 3.816 seconds.[0m
notifying browser that file changed:  resources\public\js\compiled\out\spacetrader\core.js
[0mCompiling "resources/public/js/compiled/spacetrader.js" from ["src"]...[0m
[32mSuccessfully compiled "resources/public/js/compiled/spacetrader.js" in 3.217 seconds.[0m
notifying browser that file changed:  resources\public\js\compiled\out\spacetrader\core.js
[0mCompiling "resources/public/js/compiled/spacetrader.js" from ["src"]...[0m
[32mSuccessfully compiled "resources/public/js/compiled/spacetrader.js" in 2.811 seconds.[0m
notifying browser that file changed:  resources\public\js\compiled\out\spacetrader\core.js
[0mCompiling "resources/public/js/compiled/spacetrader.js" from ["src"]...[0m
[32mSuccessfully compiled "resources/public/js/compiled/spacetrader.js" in 3.073 seconds.[0m
notifying browser that file changed:  resources\public\js\compiled\out\spacetrader\core.js
Notifying browser that CSS file changed: resources/public/css/style.css
Notifying browser that CSS file changed: resources/public/css/style.css
Notifying browser that CSS file changed: resources/public/css/style.css
[0mCompiling "resources/public/js/compiled/spacetrader.js" from ["src"]...[0m
[32mSuccessfully compiled "resources/public/js/compiled/spacetrader.js" in 3.771 seconds.[0m
notifying browser that file changed:  resources\public\js\compiled\out\spacetrader\core.js
[0mCompiling "resources/public/js/compiled/spacetrader.js" from ["src"]...[0m
[36m----  Compiler Warning on   src/spacetrader/core.cljs   line:31  column:10  ----[0m

  [1mUse of undeclared Var spacetrader.core/class[0m

  [36m27[0m  [36m          {:col :black :vp 5 :black 3 :white 0 :red 7 :blue 0 :green 0 :deck 3 :position 0}][0m
  [36m28[0m  [36m  })[0m
  [36m29[0m  [36m[0m
  [36m30[0m  [36m(defn render-card [card][0m
  [33m31[0m  [1m  [:div {class (str "card card-" (:deck card))}])[0m
  [0m  [0m  [33m         ^--- Use of undeclared Var spacetrader.core/class[0m
  [36m32[0m  [36m  [0m
  [36m33[0m  [36m(defn card-row [cards][0m
  [36m34[0m  [36m  (map render-card cards))[0m
  [36m35[0m  [36m  [0m
  [36m36[0m  [36m(defn board [game][0m

[36m----  Compiler Warning : Please see src/spacetrader/core.cljs  ----[0m
[32mSuccessfully compiled "resources/public/js/compiled/spacetrader.js" in 4.18 seconds.[0m
notifying browser that file changed:  resources\public\js\compiled\out\spacetrader\core.js
[0mCompiling "resources/public/js/compiled/spacetrader.js" from ["src"]...[0m
[32mSuccessfully compiled "resources/public/js/compiled/spacetrader.js" in 3.039 seconds.[0m
notifying browser that file changed:  resources\public\js\compiled\out\spacetrader\core.js
[0mCompiling "resources/public/js/compiled/spacetrader.js" from ["src"]...[0m
[32mSuccessfully compiled "resources/public/js/compiled/spacetrader.js" in 3.79 seconds.[0m
notifying browser that file changed:  resources\public\js\compiled\out\spacetrader\core.js
[0mCompiling "resources/public/js/compiled/spacetrader.js" from ["src"]...[0m
[32mSuccessfully compiled "resources/public/js/compiled/spacetrader.js" in 3.099 seconds.[0m
notifying browser that file changed:  resources\public\js\compiled\out\spacetrader\core.js
[0mCompiling "resources/public/js/compiled/spacetrader.js" from ["src"]...[0m
[32mSuccessfully compiled "resources/public/js/compiled/spacetrader.js" in 3.611 seconds.[0m
notifying browser that file changed:  resources\public\js\compiled\out\spacetrader\core.js
[0mCompiling "resources/public/js/compiled/spacetrader.js" from ["src"]...[0m
[32mSuccessfully compiled "resources/public/js/compiled/spacetrader.js" in 2.681 seconds.[0m
notifying browser that file changed:  resources\public\js\compiled\out\spacetrader\core.js
Notifying browser that CSS file changed: resources/public/css/style.css
[0mCompiling "resources/public/js/compiled/spacetrader.js" from ["src"]...[0m
[32mSuccessfully compiled "resources/public/js/compiled/spacetrader.js" in 3.454 seconds.[0m
notifying browser that file changed:  resources\public\js\compiled\out\spacetrader\core.js
[0mCompiling "resources/public/js/compiled/spacetrader.js" from ["src"]...[0m
[32mSuccessfully compiled "resources/public/js/compiled/spacetrader.js" in 3.233 seconds.[0m
notifying browser that file changed:  resources\public\js\compiled\out\spacetrader\core.js
[0mCompiling "resources/public/js/compiled/spacetrader.js" from ["src"]...[0m
[32mSuccessfully compiled "resources/public/js/compiled/spacetrader.js" in 3.501 seconds.[0m
notifying browser that file changed:  resources\public\js\compiled\out\spacetrader\core.js
[0mCompiling "resources/public/js/compiled/spacetrader.js" from ["src"]...[0m
[32mSuccessfully compiled "resources/public/js/compiled/spacetrader.js" in 3.718 seconds.[0m
notifying browser that file changed:  resources\public\js\compiled\out\spacetrader\core.js
[0mCompiling "resources/public/js/compiled/spacetrader.js" from ["src"]...[0m
[36m----  Compiler Warning on   src/spacetrader/core.cljs   line:47  column:13  ----[0m

  [1mWrong number of args (1) passed to spacetrader.core/card-rows[0m

  [36m43[0m  [36m(defn board [game][0m
  [36m44[0m  [36m  [:div ;;data-reactroot[0m
  [36m45[0m  [36m  [:div {:class "container"}[0m
  [36m46[0m  [36m    [:div {:class "row"}[0m
  [33m47[0m  [1m      (map #(card-rows (:cards game %)) (range 1 4) )]]])[0m
  [0m  [0m  [33m            ^--- Wrong number of args (1) passed to spacetrader.core/card-rows[0m
  [36m48[0m  [36m  [0m
  [36m49[0m  [36m(defn render-game [game container][0m
  [36m50[0m  [36m  (r/render [board game] container))[0m
  [36m51[0m  [36m  [0m
  [36m52[0m  [36m(render-game game container)[0m

[36m----  Compiler Warning : Please see src/spacetrader/core.cljs  ----[0m
[32mSuccessfully compiled "resources/public/js/compiled/spacetrader.js" in 3.976 seconds.[0m
notifying browser that file changed:  resources\public\js\compiled\out\spacetrader\core.js
[0mCompiling "resources/public/js/compiled/spacetrader.js" from ["src"]...[0m
[36m----  Compiler Warning on   src/spacetrader/core.cljs   line:47  column:13  ----[0m

  [1mWrong number of args (1) passed to spacetrader.core/card-rows[0m

  [36m43[0m  [36m(defn board [game][0m
  [36m44[0m  [36m  [:div ;;data-reactroot[0m
  [36m45[0m  [36m  [:div {:class "container"}[0m
  [36m46[0m  [36m    [:div {:class "row"}[0m
  [33m47[0m  [1m      (map #(card-rows (:cards game %)) (range 1 4) )]]])[0m
  [0m  [0m  [33m            ^--- Wrong number of args (1) passed to spacetrader.core/card-rows[0m
  [36m48[0m  [36m  [0m
  [36m49[0m  [36m(defn render-game [game container][0m
  [36m50[0m  [36m  (r/render [board game] container))[0m
  [36m51[0m  [36m  [0m
  [36m52[0m  [36m(render-game game container)[0m

[36m----  Compiler Warning : Please see src/spacetrader/core.cljs  ----[0m
[32mSuccessfully compiled "resources/public/js/compiled/spacetrader.js" in 3.494 seconds.[0m
notifying browser that file changed:  resources\public\js\compiled\out\spacetrader\core.js
[0mCompiling "resources/public/js/compiled/spacetrader.js" from ["src"]...[0m
[32mSuccessfully compiled "resources/public/js/compiled/spacetrader.js" in 3.511 seconds.[0m
notifying browser that file changed:  resources\public\js\compiled\out\spacetrader\core.js
[0mCompiling "resources/public/js/compiled/spacetrader.js" from ["src"]...[0m
[32mSuccessfully compiled "resources/public/js/compiled/spacetrader.js" in 3.542 seconds.[0m
notifying browser that file changed:  resources\public\js\compiled\out\spacetrader\core.js
[0mCompiling "resources/public/js/compiled/spacetrader.js" from ["src"]...[0m
[31mFailed to compile "resources/public/js/compiled/spacetrader.js" in 1.148 seconds.[0m
[36m----  Could not Read  src/spacetrader/core.cljs   line:47 ----[0m

  [1mD:\projects\spacetrader\src\spacetrader\core.cljs [line 47, col 35] Unmatched delimiter ).[0m

  [36m45[0m  [36m  [:div {:class "container"}[0m
  [36m46[0m  [36m    [:div {:class "row"}[0m
  [33m47[0m  [1m      (card-rows (:cards game 1)))[0m
  [0m  [0m  [33m      D:\projects\spacetrader\src\spacetrader\core.cljs [line 47, col 35] Unmatched delimiter ).[0m
  [36m48[0m  [36m  [0m
  [36m49[0m  [36m(defn render-game [game container][0m
  [36m50[0m  [36m  (r/render [board game] container))[0m

[36m----  Reader Error : Please see src/spacetrader/core.cljs  ----[0m
[0mCompiling "resources/public/js/compiled/spacetrader.js" from ["src"]...[0m
[36m----  Compiler Warning on   src/spacetrader/core.cljs   line:47  column:7  ----[0m

  [1mWrong number of args (1) passed to spacetrader.core/card-rows[0m

  [36m43[0m  [36m(defn board [game][0m
  [36m44[0m  [36m  [:div ;;data-reactroot[0m
  [36m45[0m  [36m  [:div {:class "container"}[0m
  [36m46[0m  [36m    [:div {:class "row"}[0m
  [33m47[0m  [1m      (card-rows (:cards game 1))]]])[0m
  [0m  [0m  [33m      ^--- Wrong number of args (1) passed to spacetrader.core/card-rows[0m
  [36m48[0m  [36m  [0m
  [36m49[0m  [36m(defn render-game [game container][0m
  [36m50[0m  [36m  (r/render [board game] container))[0m
  [36m51[0m  [36m  [0m
  [36m52[0m  [36m(render-game game container)[0m

[36m----  Compiler Warning : Please see src/spacetrader/core.cljs  ----[0m
[32mSuccessfully compiled "resources/public/js/compiled/spacetrader.js" in 3.614 seconds.[0m
notifying browser that file changed:  resources\public\js\compiled\out\spacetrader\core.js
[0mCompiling "resources/public/js/compiled/spacetrader.js" from ["src"]...[0m
[32mSuccessfully compiled "resources/public/js/compiled/spacetrader.js" in 3.377 seconds.[0m
notifying browser that file changed:  resources\public\js\compiled\out\spacetrader\core.js
[0mCompiling "resources/public/js/compiled/spacetrader.js" from ["src"]...[0m
[32mSuccessfully compiled "resources/public/js/compiled/spacetrader.js" in 3.554 seconds.[0m
notifying browser that file changed:  resources\public\js\compiled\out\spacetrader\core.js
[0mCompiling "resources/public/js/compiled/spacetrader.js" from ["src"]...[0m
[32mSuccessfully compiled "resources/public/js/compiled/spacetrader.js" in 3.377 seconds.[0m
notifying browser that file changed:  resources\public\js\compiled\out\spacetrader\core.js
[0mCompiling "resources/public/js/compiled/spacetrader.js" from ["src"]...[0m
[32mSuccessfully compiled "resources/public/js/compiled/spacetrader.js" in 3.135 seconds.[0m
notifying browser that file changed:  resources\public\js\compiled\out\spacetrader\core.js
[0mCompiling "resources/public/js/compiled/spacetrader.js" from ["src"]...[0m
[32mSuccessfully compiled "resources/public/js/compiled/spacetrader.js" in 3.293 seconds.[0m
notifying browser that file changed:  resources\public\js\compiled\out\spacetrader\core.js
[0mCompiling "resources/public/js/compiled/spacetrader.js" from ["src"]...[0m
[31mFailed to compile "resources/public/js/compiled/spacetrader.js" in 1.495 seconds.[0m
[36m----  Could not Read  src/spacetrader/core.cljs   line:34 ----[0m

  [1mD:\projects\spacetrader\src\spacetrader\core.cljs [line 34, col 40] Unmatched delimiter }.[0m

  [36m32[0m  [36m        :on-click (fn [e][0m
  [36m33[0m  [36m	                (.preventDefault e)[0m
  [33m34[0m  [1m	                (println (:card card)}[0m
  [0m  [0m  [33mD:\projects\spacetrader\src\spacetrader\core.cljs [line 34, col 40] Unmatched delimiter }.[0m
  [36m35[0m  [36m    [:p (str "Resource: " (:col card) "VP: " (:vp card))][0m
  [36m36[0m  [36m	 [:p (str "Deck: " (:deck card) " Position: " (:position card) )][0m
  [36m37[0m  [36m	 ])[0m

[36m----  Reader Error : Please see src/spacetrader/core.cljs  ----[0m
[0mCompiling "resources/public/js/compiled/spacetrader.js" from ["src"]...[0m
[32mSuccessfully compiled "resources/public/js/compiled/spacetrader.js" in 3.583 seconds.[0m
notifying browser that file changed:  resources\public\js\compiled\out\spacetrader\core.js
[0mCompiling "resources/public/js/compiled/spacetrader.js" from ["src"]...[0m
[32mSuccessfully compiled "resources/public/js/compiled/spacetrader.js" in 3.355 seconds.[0m
notifying browser that file changed:  resources\public\js\compiled\out\spacetrader\core.js
[0mCompiling "resources/public/js/compiled/spacetrader.js" from ["src"]...[0m
[32mSuccessfully compiled "resources/public/js/compiled/spacetrader.js" in 3.277 seconds.[0m
notifying browser that file changed:  resources\public\js\compiled\out\spacetrader\core.js
[0mCompiling "resources/public/js/compiled/spacetrader.js" from ["src"]...[0m
[31mFailed to compile "resources/public/js/compiled/spacetrader.js" in 1.088 seconds.[0m
[36m----  Could not Read  src/spacetrader/core.cljs   line:40 ----[0m

  [1mD:\projects\spacetrader\src\spacetrader\core.cljs [line 40, col 47] Unmatched delimiter ).[0m

  [36m39[0m  [36m(defn card-row [cards][0m
  [33m40[0m  [1m  (map render-card (filter :position cards))))[0m
  [0m  [0m  [33m  D:\projects\spacetrader\src\spacetrader\core.cljs [line 40, col 47] Unmatched delimiter ).[0m
  [36m41[0m  [36m[0m
  [36m42[0m  [36m(defn card-rows [cards deck][0m
  [36m43[0m  [36m   [:div {:class "col-md-9"}[0m

[36m----  Reader Error : Please see src/spacetrader/core.cljs  ----[0m
[0mCompiling "resources/public/js/compiled/spacetrader.js" from ["src"]...[0m
[32mSuccessfully compiled "resources/public/js/compiled/spacetrader.js" in 2.76 seconds.[0m
notifying browser that file changed:  resources\public\js\compiled\out\spacetrader\core.js
[0mCompiling "resources/public/js/compiled/spacetrader.js" from ["src"]...[0m
[32mSuccessfully compiled "resources/public/js/compiled/spacetrader.js" in 3.703 seconds.[0m
notifying browser that file changed:  resources\public\js\compiled\out\spacetrader\core.js
[0mCompiling "resources/public/js/compiled/spacetrader.js" from ["src"]...[0m
[31mFailed to compile "resources/public/js/compiled/spacetrader.js" in 1.28 seconds.[0m
[36m----  Could not Read  src/spacetrader/core.cljs   line:43 ----[0m

  [1mD:\projects\spacetrader\src\spacetrader\core.cljs [line 43, col 50] The map literal starting with (:deck (...)) on line 43 column 16 contains 3 form(s). Map literals must contain an even number of forms.[0m

  [36m42[0m  [36m(defn card-row [cards][0m
  [33m43[0m  [1m  (render-card {(:deck (first cards)):position 0})[0m
  [0m  [0m  [33m  D:\projects\spacetrader\src\spacetrader\core.cljs [line 43, col 50] The map literal starting with (:deck (...)) on line 43 column 16 contains 3 form(s). Map literals must contain an even number of forms.[0m
  [36m44[0m  [36m  (map render-card (filter :position cards)))[0m
  [36m45[0m  [36m[0m
  [36m46[0m  [36m(defn card-rows [cards deck][0m

[36m----  Reader Error : Please see src/spacetrader/core.cljs  ----[0m
[0mCompiling "resources/public/js/compiled/spacetrader.js" from ["src"]...[0m
[31mFailed to compile "resources/public/js/compiled/spacetrader.js" in 1.132 seconds.[0m
[36m----  Could not Read  src/spacetrader/core.cljs   line:43 ----[0m

  [1mD:\projects\spacetrader\src\spacetrader\core.cljs [line 43, col 46] The map literal starting with (:deck (...)) on line 43 column 16 contains 3 form(s). Map literals must contain an even number of forms.[0m

  [36m42[0m  [36m(defn card-row [cards][0m
  [33m43[0m  [1m  (render-card {(:deck (0 cards)):position 0})[0m
  [0m  [0m  [33m  D:\projects\spacetrader\src\spacetrader\core.cljs [line 43, col 46] The map literal starting with (:deck (...)) on line 43 column 16 contains 3 form(s). Map literals must contain an even number of forms.[0m
  [36m44[0m  [36m  (map render-card (filter :position cards)))[0m
  [36m45[0m  [36m[0m
  [36m46[0m  [36m(defn card-rows [cards deck][0m

[36m----  Reader Error : Please see src/spacetrader/core.cljs  ----[0m
[0mCompiling "resources/public/js/compiled/spacetrader.js" from ["src"]...[0m
[31mFailed to compile "resources/public/js/compiled/spacetrader.js" in 1.42 seconds.[0m
[36m----  Could not Read  src/spacetrader/core.cljs   line:43 ----[0m

  [1mD:\projects\spacetrader\src\spacetrader\core.cljs [line 43, col 52] The map literal starting with (:deck (...)) on line 43 column 16 contains 3 form(s). Map literals must contain an even number of forms.[0m

  [36m42[0m  [36m(defn card-row [cards][0m
  [33m43[0m  [1m  (render-card {(:deck (first (cards))):position 0})[0m
  [0m  [0m  [33m  D:\projects\spacetrader\src\spacetrader\core.cljs [line 43, col 52] The map literal starting with (:deck (...)) on line 43 column 16 contains 3 form(s). Map literals must contain an even number of forms.[0m
  [36m44[0m  [36m  (map render-card (filter :position cards)))[0m
  [36m45[0m  [36m[0m
  [36m46[0m  [36m(defn card-rows [cards deck][0m

[36m----  Reader Error : Please see src/spacetrader/core.cljs  ----[0m
[0mCompiling "resources/public/js/compiled/spacetrader.js" from ["src"]...[0m
[32mSuccessfully compiled "resources/public/js/compiled/spacetrader.js" in 3.567 seconds.[0m
notifying browser that file changed:  resources\public\js\compiled\out\spacetrader\core.js
[0mCompiling "resources/public/js/compiled/spacetrader.js" from ["src"]...[0m
[32mSuccessfully compiled "resources/public/js/compiled/spacetrader.js" in 3.605 seconds.[0m
notifying browser that file changed:  resources\public\js\compiled\out\spacetrader\core.js
[0mCompiling "resources/public/js/compiled/spacetrader.js" from ["src"]...[0m
[32mSuccessfully compiled "resources/public/js/compiled/spacetrader.js" in 3.478 seconds.[0m
notifying browser that file changed:  resources\public\js\compiled\out\spacetrader\core.js
[0mCompiling "resources/public/js/compiled/spacetrader.js" from ["src"]...[0m
[32mSuccessfully compiled "resources/public/js/compiled/spacetrader.js" in 3.143 seconds.[0m
notifying browser that file changed:  resources\public\js\compiled\out\spacetrader\core.js
[0mCompiling "resources/public/js/compiled/spacetrader.js" from ["src"]...[0m
[32mSuccessfully compiled "resources/public/js/compiled/spacetrader.js" in 3.399 seconds.[0m
notifying browser that file changed:  resources\public\js\compiled\out\spacetrader\core.js
[0mCompiling "resources/public/js/compiled/spacetrader.js" from ["src"]...[0m
[32mSuccessfully compiled "resources/public/js/compiled/spacetrader.js" in 2.996 seconds.[0m
notifying browser that file changed:  resources\public\js\compiled\out\spacetrader\core.js
[0mCompiling "resources/public/js/compiled/spacetrader.js" from ["src"]...[0m
[32mSuccessfully compiled "resources/public/js/compiled/spacetrader.js" in 3.661 seconds.[0m
notifying browser that file changed:  resources\public\js\compiled\out\spacetrader\core.js
[0mCompiling "resources/public/js/compiled/spacetrader.js" from ["src"]...[0m
[32mSuccessfully compiled "resources/public/js/compiled/spacetrader.js" in 3.303 seconds.[0m
notifying browser that file changed:  resources\public\js\compiled\out\spacetrader\core.js
[0mCompiling "resources/public/js/compiled/spacetrader.js" from ["src"]...[0m
[32mSuccessfully compiled "resources/public/js/compiled/spacetrader.js" in 3.518 seconds.[0m
notifying browser that file changed:  resources\public\js\compiled\out\spacetrader\core.js
[0mCompiling "resources/public/js/compiled/spacetrader.js" from ["src"]...[0m
[32mSuccessfully compiled "resources/public/js/compiled/spacetrader.js" in 3.25 seconds.[0m
notifying browser that file changed:  resources\public\js\compiled\out\spacetrader\core.js
[0mCompiling "resources/public/js/compiled/spacetrader.js" from ["src"]...[0m
[32mSuccessfully compiled "resources/public/js/compiled/spacetrader.js" in 2.584 seconds.[0m
notifying browser that file changed:  resources\public\js\compiled\out\spacetrader\core.js
[0mCompiling "resources/public/js/compiled/spacetrader.js" from ["src"]...[0m
[32mSuccessfully compiled "resources/public/js/compiled/spacetrader.js" in 2.697 seconds.[0m
notifying browser that file changed:  resources\public\js\compiled\out\spacetrader\core.js
[0mCompiling "resources/public/js/compiled/spacetrader.js" from ["src"]...[0m
[32mSuccessfully compiled "resources/public/js/compiled/spacetrader.js" in 3.55 seconds.[0m
notifying browser that file changed:  resources\public\js\compiled\out\spacetrader\core.js
[0mCompiling "resources/public/js/compiled/spacetrader.js" from ["src"]...[0m
[32mSuccessfully compiled "resources/public/js/compiled/spacetrader.js" in 3.343 seconds.[0m
notifying browser that file changed:  resources\public\js\compiled\out\spacetrader\core.js
[0mCompiling "resources/public/js/compiled/spacetrader.js" from ["src"]...[0m
[32mSuccessfully compiled "resources/public/js/compiled/spacetrader.js" in 3.344 seconds.[0m
notifying browser that file changed:  resources\public\js\compiled\out\spacetrader\core.js
[0mCompiling "resources/public/js/compiled/spacetrader.js" from ["src"]...[0m
[32mSuccessfully compiled "resources/public/js/compiled/spacetrader.js" in 3.737 seconds.[0m
notifying browser that file changed:  resources\public\js\compiled\out\spacetrader\core.js
[0mCompiling "resources/public/js/compiled/spacetrader.js" from ["src"]...[0m
[32mSuccessfully compiled "resources/public/js/compiled/spacetrader.js" in 3.252 seconds.[0m
notifying browser that file changed:  resources\public\js\compiled\out\spacetrader\core.js
[0mCompiling "resources/public/js/compiled/spacetrader.js" from ["src"]...[0m
[32mSuccessfully compiled "resources/public/js/compiled/spacetrader.js" in 3.509 seconds.[0m
notifying browser that file changed:  resources\public\js\compiled\out\spacetrader\core.js
[0mCompiling "resources/public/js/compiled/spacetrader.js" from ["src"]...[0m
[32mSuccessfully compiled "resources/public/js/compiled/spacetrader.js" in 3.169 seconds.[0m
notifying browser that file changed:  resources\public\js\compiled\out\spacetrader\core.js
[0mCompiling "resources/public/js/compiled/spacetrader.js" from ["src"]...[0m
[36m----  Compiler Warning on   src/spacetrader/core.cljs   line:58  column:4  ----[0m

  [1mUse of undeclared Var spacetrader.core/active-player[0m

  [36m54[0m  [36m  [:div ;;data-reactroot[0m
  [36m55[0m  [36m  [:div {:class "container"}[0m
  [36m56[0m  [36m    [:div {:class "row"}[0m
  [36m57[0m  [36m      (map #(card-rows (:cards game) %) [3 2 1])[0m
  [33m58[0m  [1m		(active-player )]]])[0m
  [0m  [0m  [33m   ^--- Use of undeclared Var spacetrader.core/active-player[0m
  [36m59[0m  [36m  [0m
  [36m60[0m  [36m(defn render-game [game container][0m
  [36m61[0m  [36m  (r/render [board game] container))[0m
  [36m62[0m  [36m  [0m
  [36m63[0m  [36m(render-game game container)[0m

[36m----  Compiler Warning : Please see src/spacetrader/core.cljs  ----[0m
[32mSuccessfully compiled "resources/public/js/compiled/spacetrader.js" in 2.744 seconds.[0m
notifying browser that file changed:  resources\public\js\compiled\out\spacetrader\core.js
[0mCompiling "resources/public/js/compiled/spacetrader.js" from ["src"]...[0m
[36m----  Compiler Warning on   src/spacetrader/core.cljs   line:59  column:6  ----[0m

  [1mUse of undeclared Var spacetrader.core/render-player-card[0m

  [36m55[0m  [36m(defn active-player [game][0m
  [36m56[0m  [36m  (let [pid (:active-player game)][0m
  [36m57[0m  [36m    [:div {:class "col-md-3"}[0m
  [36m58[0m  [36m	 [0m
  [33m59[0m  [1m	   (render-player-card )]))	  [0m
  [0m  [0m  [33m     ^--- Use of undeclared Var spacetrader.core/render-player-card[0m
  [36m60[0m  [36m(defn board [game][0m
  [36m61[0m  [36m  [:div ;;data-reactroot[0m
  [36m62[0m  [36m  [:div {:class "container"}[0m
  [36m63[0m  [36m    [:div {:class "row"}[0m
  [36m64[0m  [36m      (map #(card-rows (:cards game) %) [3 2 1])[0m

[36m----  Compiler Warning : Please see src/spacetrader/core.cljs  ----[0m
[32mSuccessfully compiled "resources/public/js/compiled/spacetrader.js" in 3.394 seconds.[0m
notifying browser that file changed:  resources\public\js\compiled\out\spacetrader\core.js
[0mCompiling "resources/public/js/compiled/spacetrader.js" from ["src"]...[0m
[36m----  Compiler Warning on   src/spacetrader/core.cljs   line:59  column:6  ----[0m

  [1mUse of undeclared Var spacetrader.core/render-player-card[0m

  [36m55[0m  [36m(defn active-player [game][0m
  [36m56[0m  [36m  (let [pid (:active-player game) player (game [:players pid])][0m
  [36m57[0m  [36m    [:div {:class "col-md-3"}[0m
  [36m58[0m  [36m	   [:h4 ()] [0m
  [33m59[0m  [1m	   (render-player-card )]))	  [0m
  [0m  [0m  [33m     ^--- Use of undeclared Var spacetrader.core/render-player-card[0m
  [36m60[0m  [36m(defn board [game][0m
  [36m61[0m  [36m  [:div ;;data-reactroot[0m
  [36m62[0m  [36m  [:div {:class "container"}[0m
  [36m63[0m  [36m    [:div {:class "row"}[0m
  [36m64[0m  [36m      (map #(card-rows (:cards game) %) [3 2 1])[0m

[36m----  Compiler Warning : Please see src/spacetrader/core.cljs  ----[0m
[32mSuccessfully compiled "resources/public/js/compiled/spacetrader.js" in 3.933 seconds.[0m
notifying browser that file changed:  resources\public\js\compiled\out\spacetrader\core.js
[0mCompiling "resources/public/js/compiled/spacetrader.js" from ["src"]...[0m
[36m----  Compiler Warning on   src/spacetrader/core.cljs   line:59  column:6  ----[0m

  [1mUse of undeclared Var spacetrader.core/render-player-card[0m

  [36m55[0m  [36m(defn active-player [game][0m
  [36m56[0m  [36m  (let [pid (:active-player game) player (get-in game [:players pid])][0m
  [36m57[0m  [36m    [:div {:class "col-md-3"}[0m
  [36m58[0m  [36m	   [:h4 ()] [0m
  [33m59[0m  [1m	   (render-player-card )]))	  [0m
  [0m  [0m  [33m     ^--- Use of undeclared Var spacetrader.core/render-player-card[0m
  [36m60[0m  [36m(defn board [game][0m
  [36m61[0m  [36m  [:div ;;data-reactroot[0m
  [36m62[0m  [36m  [:div {:class "container"}[0m
  [36m63[0m  [36m    [:div {:class "row"}[0m
  [36m64[0m  [36m      (map #(card-rows (:cards game) %) [3 2 1])[0m

[36m----  Compiler Warning : Please see src/spacetrader/core.cljs  ----[0m
[32mSuccessfully compiled "resources/public/js/compiled/spacetrader.js" in 3.34 seconds.[0m
notifying browser that file changed:  resources\public\js\compiled\out\spacetrader\core.js
[0mCompiling "resources/public/js/compiled/spacetrader.js" from ["src"]...[0m
[32mSuccessfully compiled "resources/public/js/compiled/spacetrader.js" in 3.023 seconds.[0m
notifying browser that file changed:  resources\public\js\compiled\out\spacetrader\core.js
[0mCompiling "resources/public/js/compiled/spacetrader.js" from ["src"]...[0m
[32mSuccessfully compiled "resources/public/js/compiled/spacetrader.js" in 3.301 seconds.[0m
notifying browser that file changed:  resources\public\js\compiled\out\spacetrader\core.js
[0mCompiling "resources/public/js/compiled/spacetrader.js" from ["src"]...[0m
[36m----  Compiler Warning on   src/spacetrader/core.cljs   line:56  column:32  ----[0m

  [1mUse of undeclared Var spacetrader.core/pid[0m

  [36m52[0m  [36m	  [:div {:class (str "card card-back-" deck)}]	;; Draw Pile...?[0m
  [36m53[0m  [36m	  (card-row (sort-by :position (filter #(= (:deck %) deck) cards)))])[0m
  [36m54[0m  [36m[0m
  [36m55[0m  [36m(defn active-player [game][0m
  [33m56[0m  [1m  (let [player (game [:players pid])[0m
  [0m  [0m  [33m                               ^--- Use of undeclared Var spacetrader.core/pid[0m
  [36m57[0m  [36m        pid (:active-player game)][0m
  [36m58[0m  [36m    [:div {:class "col-md-3"}[0m
  [36m59[0m  [36m	   [:h4 (str (:name player) "  VP" (:vp player))] [0m
  [36m60[0m  [36m	   ]))	  [0m
  [36m61[0m  [36m(defn board [game][0m

[36m----  Compiler Warning : Please see src/spacetrader/core.cljs  ----[0m
[32mSuccessfully compiled "resources/public/js/compiled/spacetrader.js" in 3.338 seconds.[0m
notifying browser that file changed:  resources\public\js\compiled\out\spacetrader\core.js
[0mCompiling "resources/public/js/compiled/spacetrader.js" from ["src"]...[0m
[32mSuccessfully compiled "resources/public/js/compiled/spacetrader.js" in 3.069 seconds.[0m
notifying browser that file changed:  resources\public\js\compiled\out\spacetrader\core.js
[0mCompiling "resources/public/js/compiled/spacetrader.js" from ["src"]...[0m
[32mSuccessfully compiled "resources/public/js/compiled/spacetrader.js" in 2.92 seconds.[0m
notifying browser that file changed:  resources\public\js\compiled\out\spacetrader\core.js
[0mCompiling "resources/public/js/compiled/spacetrader.js" from ["src"]...[0m
[32mSuccessfully compiled "resources/public/js/compiled/spacetrader.js" in 3.432 seconds.[0m
notifying browser that file changed:  resources\public\js\compiled\out\spacetrader\core.js
[0mCompiling "resources/public/js/compiled/spacetrader.js" from ["src"]...[0m
[32mSuccessfully compiled "resources/public/js/compiled/spacetrader.js" in 3.758 seconds.[0m
notifying browser that file changed:  resources\public\js\compiled\out\spacetrader\core.js
[0mCompiling "resources/public/js/compiled/spacetrader.js" from ["src"]...[0m
[32mSuccessfully compiled "resources/public/js/compiled/spacetrader.js" in 3.445 seconds.[0m
notifying browser that file changed:  resources\public\js\compiled\out\spacetrader\core.js
[0mCompiling "resources/public/js/compiled/spacetrader.js" from ["src"]...[0m
[32mSuccessfully compiled "resources/public/js/compiled/spacetrader.js" in 3.491 seconds.[0m
notifying browser that file changed:  resources\public\js\compiled\out\spacetrader\core.js
[0mCompiling "resources/public/js/compiled/spacetrader.js" from ["src"]...[0m
[32mSuccessfully compiled "resources/public/js/compiled/spacetrader.js" in 3.535 seconds.[0m
notifying browser that file changed:  resources\public\js\compiled\out\spacetrader\core.js
[0mCompiling "resources/public/js/compiled/spacetrader.js" from ["src"]...[0m
[32mSuccessfully compiled "resources/public/js/compiled/spacetrader.js" in 3.439 seconds.[0m
notifying browser that file changed:  resources\public\js\compiled\out\spacetrader\core.js
Notifying browser that CSS file changed: resources/public/css/style.css
[0mCompiling "resources/public/js/compiled/spacetrader.js" from ["src"]...[0m
[32mSuccessfully compiled "resources/public/js/compiled/spacetrader.js" in 3.369 seconds.[0m
notifying browser that file changed:  resources\public\js\compiled\out\spacetrader\core.js
[0mCompiling "resources/public/js/compiled/spacetrader.js" from ["src"]...[0m
[32mSuccessfully compiled "resources/public/js/compiled/spacetrader.js" in 3.28 seconds.[0m
notifying browser that file changed:  resources\public\js\compiled\out\spacetrader\core.js
Notifying browser that CSS file changed: resources/public/css/style.css
Notifying browser that CSS file changed: resources/public/css/style.css
Notifying browser that CSS file changed: resources/public/css/style.css
Notifying browser that CSS file changed: resources/public/css/style.css
[0mCompiling "resources/public/js/compiled/spacetrader.js" from ["src"]...[0m
[32mSuccessfully compiled "resources/public/js/compiled/spacetrader.js" in 3.211 seconds.[0m
notifying browser that file changed:  resources\public\js\compiled\out\spacetrader\core.js
[0mCompiling "resources/public/js/compiled/spacetrader.js" from ["src"]...[0m
[32mSuccessfully compiled "resources/public/js/compiled/spacetrader.js" in 3.754 seconds.[0m
notifying browser that file changed:  resources\public\js\compiled\out\spacetrader\core.js
[0mCompiling "resources/public/js/compiled/spacetrader.js" from ["src"]...[0m
[32mSuccessfully compiled "resources/public/js/compiled/spacetrader.js" in 3.076 seconds.[0m
notifying browser that file changed:  resources\public\js\compiled\out\spacetrader\core.js
[0mCompiling "resources/public/js/compiled/spacetrader.js" from ["src"]...[0m
[32mSuccessfully compiled "resources/public/js/compiled/spacetrader.js" in 3.483 seconds.[0m
notifying browser that file changed:  resources\public\js\compiled\out\spacetrader\core.js
[0mCompiling "resources/public/js/compiled/spacetrader.js" from ["src"]...[0m
[32mSuccessfully compiled "resources/public/js/compiled/spacetrader.js" in 3.676 seconds.[0m
notifying browser that file changed:  resources\public\js\compiled\out\spacetrader\core.js
[0mCompiling "resources/public/js/compiled/spacetrader.js" from ["src"]...[0m
[36m----  Compiler Warning on   src/spacetrader/core.cljs   line:61  column:35  ----[0m

  [1mUse of undeclared Var spacetrader.core/%[0m

  [36m57[0m  [36m  )[0m
  [36m58[0m  [36m	  [0m
  [36m59[0m  [36m(defn permanent-resources [cards][0m
  [36m60[0m  [36m  (let [card-freqs (frequencies (map :col cards))][0m
  [33m61[0m  [1m    permanent-resource card-freqs %)[0m
  [0m  [0m  [33m                                  ^--- Use of undeclared Var spacetrader.core/%[0m
  [36m62[0m  [36m)[0m
  [36m63[0m  [36m[0m
  [36m64[0m  [36m(defn active-player [game][0m
  [36m65[0m  [36m  (let [pid (:active-player game)[0m
  [36m66[0m  [36m       player (get-in game [:players pid])][0m

[36m----  Compiler Warning : Please see src/spacetrader/core.cljs  ----[0m
[32mSuccessfully compiled "resources/public/js/compiled/spacetrader.js" in 3.194 seconds.[0m
notifying browser that file changed:  resources\public\js\compiled\out\spacetrader\core.js
[0mCompiling "resources/public/js/compiled/spacetrader.js" from ["src"]...[0m
[31mFailed to compile "resources/public/js/compiled/spacetrader.js" in 1.191 seconds.[0m
[36m----  Could not Read  src/spacetrader/core.cljs   line:85 ----[0m

  [1mD:\projects\spacetrader\src\spacetrader\core.cljs [line 85, col 29] Unexpected EOF while reading item 8 of list, starting at line 59 and column 1.[0m

  [36m83[0m  [36m  (r/render [board game] container))[0m
  [36m84[0m  [36m  [0m
  [33m85[0m  [1m(render-game game container)[0m
  [0m  [0m  [33mD:\projects\spacetrader\src\spacetrader\core.cljs [line 85, col 29] Unexpected EOF while reading item 8 of list, starting at line 59 and column 1.[0m

[36m----  Reader Error : Please see src/spacetrader/core.cljs  ----[0m
[0mCompiling "resources/public/js/compiled/spacetrader.js" from ["src"]...[0m
[31mFailed to compile "resources/public/js/compiled/spacetrader.js" in 1.187 seconds.[0m
[36m----  Could not Read  src/spacetrader/core.cljs   line:85 ----[0m

  [1mD:\projects\spacetrader\src\spacetrader\core.cljs [line 85, col 29] Unexpected EOF while reading item 8 of list, starting at line 59 and column 1.[0m

  [36m83[0m  [36m  (r/render [board game] container))[0m
  [36m84[0m  [36m  [0m
  [33m85[0m  [1m(render-game game container)[0m
  [0m  [0m  [33mD:\projects\spacetrader\src\spacetrader\core.cljs [line 85, col 29] Unexpected EOF while reading item 8 of list, starting at line 59 and column 1.[0m

[36m----  Reader Error : Please see src/spacetrader/core.cljs  ----[0m
[0mCompiling "resources/public/js/compiled/spacetrader.js" from ["src"]...[0m
[32mSuccessfully compiled "resources/public/js/compiled/spacetrader.js" in 3.451 seconds.[0m
notifying browser that file changed:  resources\public\js\compiled\out\spacetrader\core.js
[0mCompiling "resources/public/js/compiled/spacetrader.js" from ["src"]...[0m
[32mSuccessfully compiled "resources/public/js/compiled/spacetrader.js" in 3.077 seconds.[0m
notifying browser that file changed:  resources\public\js\compiled\out\spacetrader\core.js
[0mCompiling "resources/public/js/compiled/spacetrader.js" from ["src"]...[0m
[32mSuccessfully compiled "resources/public/js/compiled/spacetrader.js" in 3.624 seconds.[0m
notifying browser that file changed:  resources\public\js\compiled\out\spacetrader\core.js
[0mCompiling "resources/public/js/compiled/spacetrader.js" from ["src"]...[0m
[32mSuccessfully compiled "resources/public/js/compiled/spacetrader.js" in 3.572 seconds.[0m
notifying browser that file changed:  resources\public\js\compiled\out\spacetrader\core.js
[0mCompiling "resources/public/js/compiled/spacetrader.js" from ["src"]...[0m
[32mSuccessfully compiled "resources/public/js/compiled/spacetrader.js" in 2.917 seconds.[0m
notifying browser that file changed:  resources\public\js\compiled\out\spacetrader\core.js
[0mCompiling "resources/public/js/compiled/spacetrader.js" from ["src"]...[0m
[31mFailed to compile "resources/public/js/compiled/spacetrader.js" in 1.099 seconds.[0m
[36m----  Could not Read  src/spacetrader/core.cljs   line:57 ----[0m

  [1mD:\projects\spacetrader\src\spacetrader\core.cljs [line 57, col 44] Unmatched delimiter ].[0m

  [36m56[0m  [36m(defn permanent-resource [card-freqs key][0m
  [33m57[0m  [1m	[:h2 (str (name key) "-" (key card-freqs)][0m
  [0m  [0m  [33mD:\projects\spacetrader\src\spacetrader\core.cljs [line 57, col 44] Unmatched delimiter ].[0m
  [36m58[0m  [36m  )[0m
  [36m59[0m  [36m	  [0m
  [36m60[0m  [36m(defn permanent-resources [cards][0m

[36m----  Reader Error : Please see src/spacetrader/core.cljs  ----[0m
[0mCompiling "resources/public/js/compiled/spacetrader.js" from ["src"]...[0m
[32mSuccessfully compiled "resources/public/js/compiled/spacetrader.js" in 2.518 seconds.[0m
notifying browser that file changed:  resources\public\js\compiled\out\spacetrader\core.js
[0mCompiling "resources/public/js/compiled/spacetrader.js" from ["src"]...[0m
[32mSuccessfully compiled "resources/public/js/compiled/spacetrader.js" in 2.132 seconds.[0m
notifying browser that file changed:  resources\public\js\compiled\out\spacetrader\core.js
[0mCompiling "resources/public/js/compiled/spacetrader.js" from ["src"]...[0m
[32mSuccessfully compiled "resources/public/js/compiled/spacetrader.js" in 7.58 seconds.[0m
notifying browser that file changed:  resources\public\js\compiled\out\spacetrader\components.js
[0mCompiling "resources/public/js/compiled/spacetrader.js" from ["src"]...[0m
[32mSuccessfully compiled "resources/public/js/compiled/spacetrader.js" in 3.0 seconds.[0m
notifying browser that file changed:  resources/public/js/compiled/out/cljs_deps.js
notifying browser that file changed:  resources\public\js\compiled\out\spacetrader\core.js
Notifying browser that CSS file changed: resources/public/css/resource-style.css
[0mCompiling "resources/public/js/compiled/spacetrader.js" from ["src"]...[0m
[31mFailed to compile "resources/public/js/compiled/spacetrader.js" in 1.206 seconds.[0m
[36m----  Could not Read  src/spacetrader/core.cljs   line:54 ----[0m

  [1mD:\projects\spacetrader\src\spacetrader\core.cljs [line 54, col 6] Unmatched delimiter ].[0m

  [36m52[0m  [36m          ;;D{:col :red   :vp 1 :deck 1 :cost {:black 0 :white 4 :red 0 :blue 0 :green 0} :owner 0 :id 3}   [0m
  [36m53[0m  [36m          ;;D{:col :white :vp 0 :deck 1 :cost {:black 0 :white 0 :red 0 :blue 3 :green 0} :owner 0 :id 4}[0m
  [33m54[0m  [1m			 ]  [0m
  [0m  [0m  [33mD:\projects\spacetrader\src\spacetrader\core.cljs [line 54, col 6] Unmatched delimiter ].[0m
  [36m55[0m  [36m    :players [{:name "Dan" :vp 2}][0m
  [36m56[0m  [36m	 :active-player 0[0m
  [36m57[0m  [36m  })[0m

[36m----  Reader Error : Please see src/spacetrader/core.cljs  ----[0m
[0mCompiling "resources/public/js/compiled/spacetrader.js" from ["src"]...[0m
[31mFailed to compile "resources/public/js/compiled/spacetrader.js" in 1.15 seconds.[0m
[36m----  Could not Read  src/spacetrader/core.cljs   line:54 ----[0m

  [1mD:\projects\spacetrader\src\spacetrader\core.cljs [line 54, col 6] Unmatched delimiter ].[0m

  [36m52[0m  [36m          ;;D{:col :red   :vp 1 :deck 1 :cost {:black 0 :white 4 :red 0 :blue 0 :green 0} :owner 0 :id 3}   [0m
  [36m53[0m  [36m          ;;D{:col :white :vp 0 :deck 1 :cost {:black 0 :white 0 :red 0 :blue 3 :green 0} :owner 0 :id 4}[0m
  [33m54[0m  [1m			 ]  [0m
  [0m  [0m  [33mD:\projects\spacetrader\src\spacetrader\core.cljs [line 54, col 6] Unmatched delimiter ].[0m
  [36m55[0m  [36m    :players [{:name "Dan" :vp 2}][0m
  [36m56[0m  [36m	 :active-player 0[0m
  [36m57[0m  [36m  })[0m

[36m----  Reader Error : Please see src/spacetrader/core.cljs  ----[0m
[0mCompiling "resources/public/js/compiled/spacetrader.js" from ["src"]...[0m
[32mSuccessfully compiled "resources/public/js/compiled/spacetrader.js" in 3.309 seconds.[0m
notifying browser that file changed:  resources/public/js/compiled/out/goog/deps.js
notifying browser that file changed:  resources/public/js/compiled/out/cljs_deps.js
notifying browser that file changed:  resources\public\js\compiled\out\spacetrader\core.js
[0mCompiling "resources/public/js/compiled/spacetrader.js" from ["src"]...[0m
[32mSuccessfully compiled "resources/public/js/compiled/spacetrader.js" in 3.628 seconds.[0m
notifying browser that file changed:  resources\public\js\compiled\out\spacetrader\core.js
[0mCompiling "resources/public/js/compiled/spacetrader.js" from ["src"]...[0m
[32mSuccessfully compiled "resources/public/js/compiled/spacetrader.js" in 3.376 seconds.[0m
notifying browser that file changed:  resources\public\js\compiled\out\spacetrader\components.js
[0mCompiling "resources/public/js/compiled/spacetrader.js" from ["src"]...[0m
[31mFailed to compile "resources/public/js/compiled/spacetrader.js" in 1.531 seconds.[0m
[36m----  Could not Read  src/spacetrader/components.cljs   line:50 ----[0m

  [1mD:\projects\spacetrader\src\spacetrader\components.cljs [line 50, col 20] The map literal starting with :class on line 50 column 11 contains 1 form(s). Map literals must contain an even number of forms.[0m

  [36m48[0m  [36m		  (active-player game)]][0m
  [36m49[0m  [36m	 [:div {:class "row"}[0m
  [33m50[0m  [1m	   [:div {:class }]]]])[0m
  [0m  [0m  [33mD:\projects\spacetrader\src\spacetrader\components.cljs [line 50, col 20] The map literal starting with :class on line 50 column 11 contains 1 form(s). Map literals must contain an even number of forms.[0m
  [36m51[0m  [36m  [0m
  [36m52[0m  [36m(defn render-game [game container][0m
  [36m53[0m  [36m  (r/render [board game] container))[0m

[36m----  Reader Error : Please see src/spacetrader/components.cljs  ----[0m
[0mCompiling "resources/public/js/compiled/spacetrader.js" from ["src"]...[0m
[32mSuccessfully compiled "resources/public/js/compiled/spacetrader.js" in 4.413 seconds.[0m
notifying browser that file changed:  resources\public\js\compiled\out\spacetrader\components.js
[0mCompiling "resources/public/js/compiled/spacetrader.js" from ["src"]...[0m
[32mSuccessfully compiled "resources/public/js/compiled/spacetrader.js" in 3.315 seconds.[0m
notifying browser that file changed:  resources\public\js\compiled\out\spacetrader\components.js
[0mCompiling "resources/public/js/compiled/spacetrader.js" from ["src"]...[0m
[32mSuccessfully compiled "resources/public/js/compiled/spacetrader.js" in 3.509 seconds.[0m
notifying browser that file changed:  resources\public\js\compiled\out\spacetrader\components.js
[0mCompiling "resources/public/js/compiled/spacetrader.js" from ["src"]...[0m
[32mSuccessfully compiled "resources/public/js/compiled/spacetrader.js" in 3.462 seconds.[0m
notifying browser that file changed:  resources\public\js\compiled\out\spacetrader\components.js
Notifying browser that CSS file changed: resources/public/css/resource_style.css
[0mCompiling "resources/public/js/compiled/spacetrader.js" from ["src"]...[0m
[32mSuccessfully compiled "resources/public/js/compiled/spacetrader.js" in 3.863 seconds.[0m
notifying browser that file changed:  resources\public\js\compiled\out\spacetrader\components.js
[0mCompiling "resources/public/js/compiled/spacetrader.js" from ["src"]...[0m
[32mSuccessfully compiled "resources/public/js/compiled/spacetrader.js" in 3.484 seconds.[0m
notifying browser that file changed:  resources\public\js\compiled\out\spacetrader\components.js
[0mCompiling "resources/public/js/compiled/spacetrader.js" from ["src"]...[0m
[32mSuccessfully compiled "resources/public/js/compiled/spacetrader.js" in 3.598 seconds.[0m
notifying browser that file changed:  resources\public\js\compiled\out\spacetrader\components.js
[0mCompiling "resources/public/js/compiled/spacetrader.js" from ["src"]...[0m
[32mSuccessfully compiled "resources/public/js/compiled/spacetrader.js" in 2.597 seconds.[0m
notifying browser that file changed:  resources\public\js\compiled\out\spacetrader\components.js
[0mCompiling "resources/public/js/compiled/spacetrader.js" from ["src"]...[0m
[32mSuccessfully compiled "resources/public/js/compiled/spacetrader.js" in 3.704 seconds.[0m
notifying browser that file changed:  resources\public\js\compiled\out\spacetrader\components.js
[0mCompiling "resources/public/js/compiled/spacetrader.js" from ["src"]...[0m
[32mSuccessfully compiled "resources/public/js/compiled/spacetrader.js" in 3.585 seconds.[0m
notifying browser that file changed:  resources\public\js\compiled\out\spacetrader\components.js
[0mCompiling "resources/public/js/compiled/spacetrader.js" from ["src"]...[0m
[32mSuccessfully compiled "resources/public/js/compiled/spacetrader.js" in 3.623 seconds.[0m
notifying browser that file changed:  resources\public\js\compiled\out\spacetrader\components.js
Notifying browser that CSS file changed: resources/public/css/style.css
[0mCompiling "resources/public/js/compiled/spacetrader.js" from ["src"]...[0m
[32mSuccessfully compiled "resources/public/js/compiled/spacetrader.js" in 3.618 seconds.[0m
notifying browser that file changed:  resources\public\js\compiled\out\spacetrader\components.js
[0mCompiling "resources/public/js/compiled/spacetrader.js" from ["src"]...[0m
[32mSuccessfully compiled "resources/public/js/compiled/spacetrader.js" in 3.487 seconds.[0m
notifying browser that file changed:  resources\public\js\compiled\out\spacetrader\components.js
[0mCompiling "resources/public/js/compiled/spacetrader.js" from ["src"]...[0m
[32mSuccessfully compiled "resources/public/js/compiled/spacetrader.js" in 2.756 seconds.[0m
notifying browser that file changed:  resources\public\js\compiled\out\spacetrader\core.js
[0mCompiling "resources/public/js/compiled/spacetrader.js" from ["src"]...[0m
[32mSuccessfully compiled "resources/public/js/compiled/spacetrader.js" in 3.748 seconds.[0m
notifying browser that file changed:  resources\public\js\compiled\out\spacetrader\components.js
[0mCompiling "resources/public/js/compiled/spacetrader.js" from ["src"]...[0m
[32mSuccessfully compiled "resources/public/js/compiled/spacetrader.js" in 3.409 seconds.[0m
notifying browser that file changed:  resources\public\js\compiled\out\spacetrader\components.js
[0mCompiling "resources/public/js/compiled/spacetrader.js" from ["src"]...[0m
[31mFailed to compile "resources/public/js/compiled/spacetrader.js" in 1.073 seconds.[0m
[36m----  Could not Read  src/spacetrader/components.cljs   line:17 ----[0m

  [1mD:\projects\spacetrader\src\spacetrader\components.cljs [line 17, col 40] The map literal starting with :class on line 17 column 12 contains 3 form(s). Map literals must contain an even number of forms.[0m

  [36m15[0m  [36m(defn card-row-identifier [cards deck][0m
  [36m16[0m  [36m  [:div {:class (str "card card-deck card-back-" (name deck))}[0m
  [33m17[0m  [1m    [:span {:class "small" (name deck)}][0m
  [0m  [0m  [33m    D:\projects\spacetrader\src\spacetrader\components.cljs [line 17, col 40] The map literal starting with :class on line 17 column 12 contains 3 form(s). Map literals must contain an even number of forms.[0m
  [36m18[0m  [36m    [:h2 (name deck)]])[0m
  [36m19[0m  [36m[0m
  [36m20[0m  [36m(defn card-row [cards][0m

[36m----  Reader Error : Please see src/spacetrader/components.cljs  ----[0m
[0mCompiling "resources/public/js/compiled/spacetrader.js" from ["src"]...[0m
[32mSuccessfully compiled "resources/public/js/compiled/spacetrader.js" in 3.183 seconds.[0m
notifying browser that file changed:  resources\public\js\compiled\out\spacetrader\components.js
[0mCompiling "resources/public/js/compiled/spacetrader.js" from ["src"]...[0m
[32mSuccessfully compiled "resources/public/js/compiled/spacetrader.js" in 3.07 seconds.[0m
notifying browser that file changed:  resources\public\js\compiled\out\spacetrader\components.js
[0mCompiling "resources/public/js/compiled/spacetrader.js" from ["src"]...[0m
[32mSuccessfully compiled "resources/public/js/compiled/spacetrader.js" in 3.58 seconds.[0m
notifying browser that file changed:  resources\public\js\compiled\out\spacetrader\components.js
[0mCompiling "resources/public/js/compiled/spacetrader.js" from ["src"]...[0m
[32mSuccessfully compiled "resources/public/js/compiled/spacetrader.js" in 3.221 seconds.[0m
notifying browser that file changed:  resources\public\js\compiled\out\spacetrader\components.js
[0mCompiling "resources/public/js/compiled/spacetrader.js" from ["src"]...[0m
[32mSuccessfully compiled "resources/public/js/compiled/spacetrader.js" in 3.893 seconds.[0m
notifying browser that file changed:  resources\public\js\compiled\out\spacetrader\components.js
[0mCompiling "resources/public/js/compiled/spacetrader.js" from ["src"]...[0m
[32mSuccessfully compiled "resources/public/js/compiled/spacetrader.js" in 3.639 seconds.[0m
notifying browser that file changed:  resources\public\js\compiled\out\spacetrader\components.js
[0mCompiling "resources/public/js/compiled/spacetrader.js" from ["src"]...[0m
[32mSuccessfully compiled "resources/public/js/compiled/spacetrader.js" in 3.407 seconds.[0m
notifying browser that file changed:  resources\public\js\compiled\out\spacetrader\components.js
[0mCompiling "resources/public/js/compiled/spacetrader.js" from ["src"]...[0m
[32mSuccessfully compiled "resources/public/js/compiled/spacetrader.js" in 3.138 seconds.[0m
notifying browser that file changed:  resources\public\js\compiled\out\spacetrader\components.js
[0mCompiling "resources/public/js/compiled/spacetrader.js" from ["src"]...[0m
[31mFailed to compile "resources/public/js/compiled/spacetrader.js" in 1.22 seconds.[0m
[36m----  Could not Read  src/spacetrader/components.cljs   line:65 ----[0m

  [1mD:\projects\spacetrader\src\spacetrader\components.cljs [line 65, col 1] Unexpected EOF while reading item 9 of list, starting at line 23 and column 1.[0m

[36m----  Reader Error : Please see src/spacetrader/components.cljs  ----[0m
[0mCompiling "resources/public/js/compiled/spacetrader.js" from ["src"]...[0m
[31mFailed to compile "resources/public/js/compiled/spacetrader.js" in 1.173 seconds.[0m
[36m----  Could not Read  src/spacetrader/components.cljs   line:63 ----[0m

  [1mD:\projects\spacetrader\src\spacetrader\components.cljs [line 63, col 36] Unexpected EOF while reading item 9 of list, starting at line 23 and column 1.[0m

  [36m62[0m  [36m(defn render-game [game container][0m
  [33m63[0m  [1m  (r/render [Game game] container))[0m
  [0m  [0m  [33m  D:\projects\spacetrader\src\spacetrader\components.cljs [line 63, col 36] Unexpected EOF while reading item 9 of list, starting at line 23 and column 1.[0m

[36m----  Reader Error : Please see src/spacetrader/components.cljs  ----[0m
[0mCompiling "resources/public/js/compiled/spacetrader.js" from ["src"]...[0m
[31mFailed to compile "resources/public/js/compiled/spacetrader.js" in 1.113 seconds.[0m
[36m----  Could not Read  src/spacetrader/components.cljs   line:63 ----[0m

  [1mD:\projects\spacetrader\src\spacetrader\components.cljs [line 63, col 36] Unexpected EOF while reading item 9 of list, starting at line 23 and column 1.[0m

  [36m62[0m  [36m(defn render-game [game container][0m
  [33m63[0m  [1m  (r/render [Game game] container))[0m
  [0m  [0m  [33m  D:\projects\spacetrader\src\spacetrader\components.cljs [line 63, col 36] Unexpected EOF while reading item 9 of list, starting at line 23 and column 1.[0m

[36m----  Reader Error : Please see src/spacetrader/components.cljs  ----[0m
[0mCompiling "resources/public/js/compiled/spacetrader.js" from ["src"]...[0m
[31mFailed to compile "resources/public/js/compiled/spacetrader.js" in 1.164 seconds.[0m
[36m----  Could not Read  src/spacetrader/components.cljs   line:62 ----[0m

  [1mD:\projects\spacetrader\src\spacetrader\components.cljs [line 62, col 36] Unexpected EOF while reading item 9 of list, starting at line 23 and column 1.[0m

  [36m61[0m  [36m(defn render-game [game container][0m
  [33m62[0m  [1m  (r/render [Game game] container))[0m
  [0m  [0m  [33m  D:\projects\spacetrader\src\spacetrader\components.cljs [line 62, col 36] Unexpected EOF while reading item 9 of list, starting at line 23 and column 1.[0m

[36m----  Reader Error : Please see src/spacetrader/components.cljs  ----[0m
[0mCompiling "resources/public/js/compiled/spacetrader.js" from ["src"]...[0m
[31mFailed to compile "resources/public/js/compiled/spacetrader.js" in 1.201 seconds.[0m
[36m----  Could not Read  src/spacetrader/components.cljs   line:63 ----[0m

  [1mD:\projects\spacetrader\src\spacetrader\components.cljs [line 63, col 36] Unexpected EOF while reading item 9 of list, starting at line 24 and column 1.[0m

  [36m62[0m  [36m(defn render-game [game container][0m
  [33m63[0m  [1m  (r/render [Game game] container))[0m
  [0m  [0m  [33m  D:\projects\spacetrader\src\spacetrader\components.cljs [line 63, col 36] Unexpected EOF while reading item 9 of list, starting at line 24 and column 1.[0m

[36m----  Reader Error : Please see src/spacetrader/components.cljs  ----[0m
[0mCompiling "resources/public/js/compiled/spacetrader.js" from ["src"]...[0m
[32mSuccessfully compiled "resources/public/js/compiled/spacetrader.js" in 3.347 seconds.[0m
notifying browser that file changed:  resources\public\js\compiled\out\spacetrader\components.js
[0mCompiling "resources/public/js/compiled/spacetrader.js" from ["src"]...[0m
[32mSuccessfully compiled "resources/public/js/compiled/spacetrader.js" in 3.55 seconds.[0m
notifying browser that file changed:  resources\public\js\compiled\out\spacetrader\components.js
[0mCompiling "resources/public/js/compiled/spacetrader.js" from ["src"]...[0m
[36m----  Compiler Warning on   src/spacetrader/components.cljs   line:33  column:6  ----[0m

  [1mUse of undeclared Var spacetrader.components/card-row-shown[0m

  [36m29[0m  [36m                                    frequencies)][0m
  [36m30[0m  [36m   ^{:key deck}[0m
  [36m31[0m  [36m   [:div {:class "row"}[0m
  [36m32[0m  [36m	   (card-row-identifier deck (deck unavailable-resource-counts 0))[0m
  [33m33[0m  [1m	   (card-row-shown (sort-by :position (filter #(= (:deck %) deck) cards)))[0m
  [0m  [0m  [33m     ^--- Use of undeclared Var spacetrader.components/card-row-shown[0m
  [36m34[0m  [36m     ]))[0m
  [36m35[0m  [36m[0m
  [36m36[0m  [36m;; Active Player Space[0m
  [36m37[0m  [36m(defn permanent-resource [card-freqs key][0m
  [36m38[0m  [36m	^{:key (name key)}[0m

[36m----  Compiler Warning : Please see src/spacetrader/components.cljs  ----[0m
[32mSuccessfully compiled "resources/public/js/compiled/spacetrader.js" in 2.875 seconds.[0m
notifying browser that file changed:  resources\public\js\compiled\out\spacetrader\components.js
[0mCompiling "resources/public/js/compiled/spacetrader.js" from ["src"]...[0m
[32mSuccessfully compiled "resources/public/js/compiled/spacetrader.js" in 3.702 seconds.[0m
notifying browser that file changed:  resources\public\js\compiled\out\spacetrader\components.js
[0mCompiling "resources/public/js/compiled/spacetrader.js" from ["src"]...[0m
[32mSuccessfully compiled "resources/public/js/compiled/spacetrader.js" in 4.696 seconds.[0m
notifying browser that file changed:  resources\public\js\compiled\out\spacetrader\components.js
Notifying browser that CSS file changed: resources/public/css/style.css
Notifying browser that CSS file changed: resources/public/css/style.css
Notifying browser that CSS file changed: resources/public/css/style.css
Notifying browser that CSS file changed: resources/public/css/style.css
Notifying browser that CSS file changed: resources/public/css/style.css
Notifying browser that CSS file changed: resources/public/css/style.css
Notifying browser that CSS file changed: resources/public/css/style.css
Notifying browser that CSS file changed: resources/public/css/style.css
Notifying browser that CSS file changed: resources/public/css/style.css
[0mCompiling "resources/public/js/compiled/spacetrader.js" from ["src"]...[0m
[32mSuccessfully compiled "resources/public/js/compiled/spacetrader.js" in 3.677 seconds.[0m
notifying browser that file changed:  resources\public\js\compiled\out\spacetrader\components.js
Notifying browser that CSS file changed: resources/public/css/style.css
[0mCompiling "resources/public/js/compiled/spacetrader.js" from ["src"]...[0m
[32mSuccessfully compiled "resources/public/js/compiled/spacetrader.js" in 3.252 seconds.[0m
notifying browser that file changed:  resources\public\js\compiled\out\spacetrader\components.js
[0mCompiling "resources/public/js/compiled/spacetrader.js" from ["src"]...[0m
[31mFailed to compile "resources/public/js/compiled/spacetrader.js" in 1.144 seconds.[0m
[36m----  Could not Read  src/spacetrader/components.cljs   line:35 ----[0m

  [1mD:\projects\spacetrader\src\spacetrader\components.cljs [line 35, col 46] Unmatched delimiter ].[0m

  [36m33[0m  [36m                         (filter #(= (:deck %) deck))[0m
  [36m34[0m  [36m                         (filter #(= (:deck %) deck))[0m
  [33m35[0m  [1m                         (sort-by :position)]))))[0m
  [0m  [0m  [33m                         D:\projects\spacetrader\src\spacetrader\components.cljs [line 35, col 46] Unmatched delimiter ].[0m
  [36m36[0m  [36m[0m
  [36m37[0m  [36m;; Active Player Space[0m
  [36m38[0m  [36m(defn permanent-resource [card-freqs key][0m

[36m----  Reader Error : Please see src/spacetrader/components.cljs  ----[0m
[0mCompiling "resources/public/js/compiled/spacetrader.js" from ["src"]...[0m
[31mFailed to compile "resources/public/js/compiled/spacetrader.js" in 0.931 seconds.[0m
[36m----  Could not Read  src/spacetrader/components.cljs   line:35 ----[0m

  [1mD:\projects\spacetrader\src\spacetrader\components.cljs [line 35, col 46] Unmatched delimiter ].[0m

  [36m33[0m  [36m                         (filter #(= (:deck %) deck))[0m
  [36m34[0m  [36m                         (filter #(= (:deck %) deck))[0m
  [33m35[0m  [1m                         (sort-by :position)]))))[0m
  [0m  [0m  [33m                         D:\projects\spacetrader\src\spacetrader\components.cljs [line 35, col 46] Unmatched delimiter ].[0m
  [36m36[0m  [36m[0m
  [36m37[0m  [36m;; Active Player Space[0m
  [36m38[0m  [36m(defn permanent-resource [card-freqs key][0m

[36m----  Reader Error : Please see src/spacetrader/components.cljs  ----[0m
[0mCompiling "resources/public/js/compiled/spacetrader.js" from ["src"]...[0m
[31mFailed to compile "resources/public/js/compiled/spacetrader.js" in 1.155 seconds.[0m
[36m----  Could not Read  src/spacetrader/components.cljs   line:35 ----[0m

  [1mD:\projects\spacetrader\src\spacetrader\components.cljs [line 35, col 46] Unmatched delimiter ].[0m

  [36m33[0m  [36m                         (filter #(= (:deck %) deck))[0m
  [36m34[0m  [36m                         (filter #(= (:deck %) deck))[0m
  [33m35[0m  [1m                         (sort-by :position)]))))[0m
  [0m  [0m  [33m                         D:\projects\spacetrader\src\spacetrader\components.cljs [line 35, col 46] Unmatched delimiter ].[0m
  [36m36[0m  [36m[0m
  [36m37[0m  [36m;; Active Player Space[0m
  [36m38[0m  [36m(defn permanent-resource [card-freqs key][0m

[36m----  Reader Error : Please see src/spacetrader/components.cljs  ----[0m
[0mCompiling "resources/public/js/compiled/spacetrader.js" from ["src"]...[0m
[32mSuccessfully compiled "resources/public/js/compiled/spacetrader.js" in 3.501 seconds.[0m
notifying browser that file changed:  resources\public\js\compiled\out\spacetrader\components.js
[0mCompiling "resources/public/js/compiled/spacetrader.js" from ["src"]...[0m
[36m----  Compiler Warning on   src/spacetrader/components.cljs   line:32  column:7  ----[0m

  [1mWrong number of args (2) passed to spacetrader.components/card-row-shown[0m

  [36m28[0m  [36m                               frequencies)][0m
  [36m29[0m  [36m^{:key deck}[0m
  [36m30[0m  [36m[:div {:class "row"}[0m
  [36m31[0m  [36m (card-row-identifier deck (deck unavailable-resource-counts 0))[0m
  [33m32[0m  [1m (card-row-shown (-> cards[0m
  [0m  [0m  [33m ^--- Wrong number of args (2) passed to spacetrader.components/card-row-shown[0m
  [36m33[0m  [36m                    (filter #(= (:deck %) deck))[0m
  [36m34[0m  [36m                    (filter #(= (:deck %) deck))[0m
  [36m35[0m  [36m                    (sort-by :position))[0m
  [36m36[0m  [36m                    :deck)]))[0m

[36m----  Compiler Warning : Please see src/spacetrader/components.cljs  ----[0m
[32mSuccessfully compiled "resources/public/js/compiled/spacetrader.js" in 3.787 seconds.[0m
notifying browser that file changed:  resources\public\js\compiled\out\spacetrader\components.js
[0mCompiling "resources/public/js/compiled/spacetrader.js" from ["src"]...[0m
[32mSuccessfully compiled "resources/public/js/compiled/spacetrader.js" in 3.882 seconds.[0m
notifying browser that file changed:  resources\public\js\compiled\out\spacetrader\components.js
[0mCompiling "resources/public/js/compiled/spacetrader.js" from ["src"]...[0m
[32mSuccessfully compiled "resources/public/js/compiled/spacetrader.js" in 3.6 seconds.[0m
notifying browser that file changed:  resources\public\js\compiled\out\spacetrader\components.js
[0mCompiling "resources/public/js/compiled/spacetrader.js" from ["src"]...[0m
[32mSuccessfully compiled "resources/public/js/compiled/spacetrader.js" in 3.053 seconds.[0m
notifying browser that file changed:  resources\public\js\compiled\out\spacetrader\components.js
[0mCompiling "resources/public/js/compiled/spacetrader.js" from ["src"]...[0m
[32mSuccessfully compiled "resources/public/js/compiled/spacetrader.js" in 3.16 seconds.[0m
notifying browser that file changed:  resources\public\js\compiled\out\spacetrader\components.js
[0mCompiling "resources/public/js/compiled/spacetrader.js" from ["src"]...[0m
[31mFailed to compile "resources/public/js/compiled/spacetrader.js" in 1.144 seconds.[0m
[36m----  Could not Read  src/spacetrader/components.cljs   line:12 ----[0m

  [1mD:\projects\spacetrader\src\spacetrader\components.cljs [line 12, col 32] Unmatched delimiter ).[0m

  [36m10[0m  [36m                  (println (:id card)))}[0m
  [36m11[0m  [36m    [:p (str "Resource: " (:col card) [0m
  [33m12[0m  [1m      [:br "VP: " (:vp card))][0m
  [0m  [0m  [33m      D:\projects\spacetrader\src\spacetrader\components.cljs [line 12, col 32] Unmatched delimiter ).[0m
  [36m13[0m  [36m      [:br "More info"]][0m
  [36m14[0m  [36m   [0m
  [36m15[0m  [36m])[0m

[36m----  Reader Error : Please see src/spacetrader/components.cljs  ----[0m
[0mCompiling "resources/public/js/compiled/spacetrader.js" from ["src"]...[0m
[32mSuccessfully compiled "resources/public/js/compiled/spacetrader.js" in 2.76 seconds.[0m
notifying browser that file changed:  resources\public\js\compiled\out\spacetrader\components.js
[0mCompiling "resources/public/js/compiled/spacetrader.js" from ["src"]...[0m
[32mSuccessfully compiled "resources/public/js/compiled/spacetrader.js" in 3.201 seconds.[0m
notifying browser that file changed:  resources\public\js\compiled\out\spacetrader\components.js
[0mCompiling "resources/public/js/compiled/spacetrader.js" from ["src"]...[0m
[32mSuccessfully compiled "resources/public/js/compiled/spacetrader.js" in 2.512 seconds.[0m
notifying browser that file changed:  resources\public\js\compiled\out\spacetrader\components.js
[0mCompiling "resources/public/js/compiled/spacetrader.js" from ["src"]...[0m
[32mSuccessfully compiled "resources/public/js/compiled/spacetrader.js" in 2.409 seconds.[0m
notifying browser that file changed:  resources\public\js\compiled\out\spacetrader\components.js
[0mCompiling "resources/public/js/compiled/spacetrader.js" from ["src"]...[0m
[32mSuccessfully compiled "resources/public/js/compiled/spacetrader.js" in 4.127 seconds.[0m
notifying browser that file changed:  resources\public\js\compiled\out\spacetrader\components.js
[0mCompiling "resources/public/js/compiled/spacetrader.js" from ["src"]...[0m
[32mSuccessfully compiled "resources/public/js/compiled/spacetrader.js" in 6.947 seconds.[0m
notifying browser that file changed:  resources\public\js\compiled\out\spacetrader\components.js
[0mCompiling "resources/public/js/compiled/spacetrader.js" from ["src"]...[0m
[32mSuccessfully compiled "resources/public/js/compiled/spacetrader.js" in 3.951 seconds.[0m
notifying browser that file changed:  resources\public\js\compiled\out\spacetrader\components.js
[0mCompiling "resources/public/js/compiled/spacetrader.js" from ["src"]...[0m
[32mSuccessfully compiled "resources/public/js/compiled/spacetrader.js" in 3.627 seconds.[0m
notifying browser that file changed:  resources\public\js\compiled\out\spacetrader\components.js
Notifying browser that CSS file changed: resources/public/css/resource_style.css
[0mCompiling "resources/public/js/compiled/spacetrader.js" from ["src"]...[0m
[32mSuccessfully compiled "resources/public/js/compiled/spacetrader.js" in 3.946 seconds.[0m
notifying browser that file changed:  resources\public\js\compiled\out\spacetrader\components.js
Notifying browser that CSS file changed: resources/public/css/resource_style.css
Notifying browser that CSS file changed: resources/public/css/resource_style.css
Notifying browser that CSS file changed: resources/public/css/resource_style.css
Notifying browser that CSS file changed: resources/public/css/resource_style.css
[0mCompiling "resources/public/js/compiled/spacetrader.js" from ["src"]...[0m
[32mSuccessfully compiled "resources/public/js/compiled/spacetrader.js" in 3.474 seconds.[0m
notifying browser that file changed:  resources\public\js\compiled\out\spacetrader\components.js
[0mCompiling "resources/public/js/compiled/spacetrader.js" from ["src"]...[0m
[32mSuccessfully compiled "resources/public/js/compiled/spacetrader.js" in 3.818 seconds.[0m
notifying browser that file changed:  resources\public\js\compiled\out\spacetrader\components.js
[0mCompiling "resources/public/js/compiled/spacetrader.js" from ["src"]...[0m
[32mSuccessfully compiled "resources/public/js/compiled/spacetrader.js" in 3.603 seconds.[0m
notifying browser that file changed:  resources\public\js\compiled\out\spacetrader\components.js
Notifying browser that CSS file changed: resources/public/css/resource_style.css
Notifying browser that CSS file changed: resources/public/css/resource_style.css
Notifying browser that CSS file changed: resources/public/css/resource_style.css
Notifying browser that CSS file changed: resources/public/css/resource_style.css
Notifying browser that CSS file changed: resources/public/css/resource_style.css
Notifying browser that CSS file changed: resources/public/css/resource_style.css
Notifying browser that CSS file changed: resources/public/css/style.css
Notifying browser that CSS file changed: resources/public/css/resource_style.css
Notifying browser that CSS file changed: resources/public/css/resource_style.css
Notifying browser that CSS file changed: resources/public/css/resource_style.css
Notifying browser that CSS file changed: resources/public/css/resource_style.css
[0mCompiling "resources/public/js/compiled/spacetrader.js" from ["src"]...[0m
[32mSuccessfully compiled "resources/public/js/compiled/spacetrader.js" in 4.272 seconds.[0m
notifying browser that file changed:  resources\public\js\compiled\out\spacetrader\components.js
[0mCompiling "resources/public/js/compiled/spacetrader.js" from ["src"]...[0m
[32mSuccessfully compiled "resources/public/js/compiled/spacetrader.js" in 3.77 seconds.[0m
notifying browser that file changed:  resources\public\js\compiled\out\spacetrader\components.js
Notifying browser that CSS file changed: resources/public/css/resource_style.css
Notifying browser that CSS file changed: resources/public/css/style.css
Notifying browser that CSS file changed: resources/public/css/style.css
Notifying browser that CSS file changed: resources/public/css/style.css
[0mCompiling "resources/public/js/compiled/spacetrader.js" from ["src"]...[0m
[32mSuccessfully compiled "resources/public/js/compiled/spacetrader.js" in 3.498 seconds.[0m
notifying browser that file changed:  resources\public\js\compiled\out\spacetrader\core.js
Notifying browser that CSS file changed: resources/public/css/resource_style.css
[0mCompiling "resources/public/js/compiled/spacetrader.js" from ["src"]...[0m
[32mSuccessfully compiled "resources/public/js/compiled/spacetrader.js" in 4.043 seconds.[0m
notifying browser that file changed:  resources\public\js\compiled\out\spacetrader\components.js
[0mCompiling "resources/public/js/compiled/spacetrader.js" from ["src"]...[0m
[36m----  Compiler Warning on   src/spacetrader/components.cljs   line:12  column:17  ----[0m

  [1mUse of undeclared Var spacetrader.components/class=[0m

  [36m 8[0m  [36m          :on-click (fn [e][0m
  [36m 9[0m  [36m	                   (.preventDefault e)[0m
  [36m10[0m  [36m	                   (println (:id card)))}[0m
  [36m11[0m  [36m      [:div {:class (str "res-banner res-" (name (:col card)))}[0m
  [33m12[0m  [1m        [:span {class="float-right"} (:vp card)]]])[0m
  [0m  [0m  [33m                ^--- Use of undeclared Var spacetrader.components/class=[0m
  [36m13[0m  [36m[0m
  [36m14[0m  [36m(defn card-row-shown [cards][0m
  [36m15[0m  [36m  (map render-card cards))[0m
  [36m16[0m  [36m  [0m
  [36m17[0m  [36m(defn card-row-identifier [deck count]  [0m

[36m----  Compiler Warning : Please see src/spacetrader/components.cljs  ----[0m
[32mSuccessfully compiled "resources/public/js/compiled/spacetrader.js" in 3.612 seconds.[0m
notifying browser that file changed:  resources\public\js\compiled\out\spacetrader\components.js
[0mCompiling "resources/public/js/compiled/spacetrader.js" from ["src"]...[0m
[32mSuccessfully compiled "resources/public/js/compiled/spacetrader.js" in 3.644 seconds.[0m
notifying browser that file changed:  resources\public\js\compiled\out\spacetrader\components.js
[0mCompiling "resources/public/js/compiled/spacetrader.js" from ["src"]...[0m
[32mSuccessfully compiled "resources/public/js/compiled/spacetrader.js" in 3.127 seconds.[0m
notifying browser that file changed:  resources\public\js\compiled\out\spacetrader\components.js
[0mCompiling "resources/public/js/compiled/spacetrader.js" from ["src"]...[0m
[32mSuccessfully compiled "resources/public/js/compiled/spacetrader.js" in 3.748 seconds.[0m
notifying browser that file changed:  resources\public\js\compiled\out\spacetrader\components.js
Notifying browser that CSS file changed: resources/public/css/resource_style.css
Notifying browser that CSS file changed: resources/public/css/resource_style.css
Notifying browser that CSS file changed: resources/public/css/resource_style.css
Notifying browser that CSS file changed: resources/public/css/resource_style.css
Notifying browser that CSS file changed: resources/public/css/resource_style.css
Notifying browser that CSS file changed: resources/public/css/style.css
Notifying browser that CSS file changed: resources/public/css/style.css
Notifying browser that CSS file changed: resources/public/css/resource_style.css
Notifying browser that CSS file changed: resources/public/css/resource_style.css
Notifying browser that CSS file changed: resources/public/css/resource_style.css
[0mCompiling "resources/public/js/compiled/spacetrader.js" from ["src"]...[0m
[32mSuccessfully compiled "resources/public/js/compiled/spacetrader.js" in 3.671 seconds.[0m
notifying browser that file changed:  resources\public\js\compiled\out\spacetrader\components.js
[0mCompiling "resources/public/js/compiled/spacetrader.js" from ["src"]...[0m
[32mSuccessfully compiled "resources/public/js/compiled/spacetrader.js" in 3.095 seconds.[0m
notifying browser that file changed:  resources\public\js\compiled\out\spacetrader\core.js
Notifying browser that CSS file changed: resources/public/css/style.css
Notifying browser that CSS file changed: resources/public/css/style.css
Notifying browser that CSS file changed: resources/public/css/style.css
Notifying browser that CSS file changed: resources/public/css/style.css
Notifying browser that CSS file changed: resources/public/css/style.css
Notifying browser that CSS file changed: resources/public/css/style.css
Notifying browser that CSS file changed: resources/public/css/resource_style.css
[0mCompiling "resources/public/js/compiled/spacetrader.js" from ["src"]...[0m
[32mSuccessfully compiled "resources/public/js/compiled/spacetrader.js" in 3.703 seconds.[0m
notifying browser that file changed:  resources\public\js\compiled\out\spacetrader\core.js
[0mCompiling "resources/public/js/compiled/spacetrader.js" from ["src"]...[0m
[32mSuccessfully compiled "resources/public/js/compiled/spacetrader.js" in 3.534 seconds.[0m
notifying browser that file changed:  resources\public\js\compiled\out\spacetrader\core.js
[0mCompiling "resources/public/js/compiled/spacetrader.js" from ["src"]...[0m
[32mSuccessfully compiled "resources/public/js/compiled/spacetrader.js" in 3.286 seconds.[0m
notifying browser that file changed:  resources\public\js\compiled\out\spacetrader\core.js
[0mCompiling "resources/public/js/compiled/spacetrader.js" from ["src"]...[0m
[32mSuccessfully compiled "resources/public/js/compiled/spacetrader.js" in 3.474 seconds.[0m
notifying browser that file changed:  resources\public\js\compiled\out\spacetrader\core.js
[0mCompiling "resources/public/js/compiled/spacetrader.js" from ["src"]...[0m
[32mSuccessfully compiled "resources/public/js/compiled/spacetrader.js" in 3.7 seconds.[0m
notifying browser that file changed:  resources\public\js\compiled\out\spacetrader\core.js
Notifying browser that CSS file changed: resources/public/css/style.css
[0mCompiling "resources/public/js/compiled/spacetrader.js" from ["src"]...[0m
[32mSuccessfully compiled "resources/public/js/compiled/spacetrader.js" in 3.549 seconds.[0m
notifying browser that file changed:  resources\public\js\compiled\out\spacetrader\components.js
[0mCompiling "resources/public/js/compiled/spacetrader.js" from ["src"]...[0m
[32mSuccessfully compiled "resources/public/js/compiled/spacetrader.js" in 3.874 seconds.[0m
notifying browser that file changed:  resources\public\js\compiled\out\spacetrader\components.js
[0mCompiling "resources/public/js/compiled/spacetrader.js" from ["src"]...[0m
[36m----  Compiler Warning on   src/spacetrader/components.cljs   line:14  column:14  ----[0m

  [1mUse of undeclared Var spacetrader.components/permanent-resource[0m

  [36m10[0m  [36m	                   (println (:id card)))}[0m
  [36m11[0m  [36m      [:div {:class (str "res-banner res-" (name (:col card)))}[0m
  [36m12[0m  [36m        [:div {:class "pull-right"} (:vp card)]][0m
  [36m13[0m  [36m      [:div {:class "res-cost"}[0m
  [33m14[0m  [1m        (map permanent-resource [:black 2 :green 1])[0m
  [0m  [0m  [33m             ^--- Use of undeclared Var spacetrader.components/permanent-resource[0m
  [36m15[0m  [36m        ]])[0m
  [36m16[0m  [36m[0m
  [36m17[0m  [36m(defn card-row-shown [cards][0m
  [36m18[0m  [36m  (map render-card cards))[0m

[36m----  Compiler Warning : Please see src/spacetrader/components.cljs  ----[0m
[32mSuccessfully compiled "resources/public/js/compiled/spacetrader.js" in 3.906 seconds.[0m
notifying browser that file changed:  resources\public\js\compiled\out\spacetrader\components.js
[0mCompiling "resources/public/js/compiled/spacetrader.js" from ["src"]...[0m
[32mSuccessfully compiled "resources/public/js/compiled/spacetrader.js" in 3.72 seconds.[0m
notifying browser that file changed:  resources\public\js\compiled\out\spacetrader\components.js
[0mCompiling "resources/public/js/compiled/spacetrader.js" from ["src"]...[0m
[32mSuccessfully compiled "resources/public/js/compiled/spacetrader.js" in 3.242 seconds.[0m
notifying browser that file changed:  resources\public\js\compiled\out\spacetrader\components.js
[0mCompiling "resources/public/js/compiled/spacetrader.js" from ["src"]...[0m
[32mSuccessfully compiled "resources/public/js/compiled/spacetrader.js" in 3.953 seconds.[0m
notifying browser that file changed:  resources\public\js\compiled\out\spacetrader\components.js
[0mCompiling "resources/public/js/compiled/spacetrader.js" from ["src"]...[0m
[32mSuccessfully compiled "resources/public/js/compiled/spacetrader.js" in 3.326 seconds.[0m
notifying browser that file changed:  resources\public\js\compiled\out\spacetrader\components.js
[0mCompiling "resources/public/js/compiled/spacetrader.js" from ["src"]...[0m
[32mSuccessfully compiled "resources/public/js/compiled/spacetrader.js" in 3.91 seconds.[0m
notifying browser that file changed:  resources\public\js\compiled\out\spacetrader\components.js
[0mCompiling "resources/public/js/compiled/spacetrader.js" from ["src"]...[0m
[32mSuccessfully compiled "resources/public/js/compiled/spacetrader.js" in 3.865 seconds.[0m
notifying browser that file changed:  resources\public\js\compiled\out\spacetrader\components.js
[0mCompiling "resources/public/js/compiled/spacetrader.js" from ["src"]...[0m
[32mSuccessfully compiled "resources/public/js/compiled/spacetrader.js" in 4.151 seconds.[0m
notifying browser that file changed:  resources\public\js\compiled\out\spacetrader\components.js
[0mCompiling "resources/public/js/compiled/spacetrader.js" from ["src"]...[0m
[36m----  Compiler Warning on   src/spacetrader/components.cljs   line:7  column:48  ----[0m

  [1mWrong number of args (2) passed to cljs.core/not[0m

  [36m 4[0m  [36m;; Resource Board  [0m
  [36m 5[0m  [36m(defn permanent-resource [card-freqs key & args][0m
  [36m 6[0m  [36m	^{:key (name key)}[0m
  [33m 7[0m  [1m  [:div {:class (str "res res-" (name key) (if (not args nil) " small"))}[0m
  [0m  [0m  [33m                                               ^--- Wrong number of args (2) passed to cljs.core/not[0m
  [36m 8[0m  [36m    [:span {:class "res-count"} (key card-freqs 0)]])[0m
  [36m 9[0m  [36m[0m
  [36m10[0m  [36m(defn render-card [card][0m
  [36m11[0m  [36m  ^{:key (:id card)}[0m
  [36m12[0m  [36m    [:div {:class (str "card card-back-" (name (:deck card)))[0m

[36m----  Compiler Warning : Please see src/spacetrader/components.cljs  ----[0m
[32mSuccessfully compiled "resources/public/js/compiled/spacetrader.js" in 3.346 seconds.[0m
notifying browser that file changed:  resources\public\js\compiled\out\spacetrader\components.js
[0mCompiling "resources/public/js/compiled/spacetrader.js" from ["src"]...[0m
[36m----  Compiler Warning on   src/spacetrader/components.cljs   line:19  column:35  ----[0m

  [1mWrong number of args (3) passed to :black[0m

  [36m15[0m  [36m	                   (println (:id card)))}[0m
  [36m16[0m  [36m      [:div {:class (str "res-banner res-" (name (:col card)))}[0m
  [36m17[0m  [36m        [:div {:class "pull-right"} (:vp card)]][0m
  [36m18[0m  [36m      [:div {:class "res-cost"}[0m
  [33m19[0m  [1m        (map #(permanent-resource (:black 2 :green 1) %) [:black :white :green])[0m
  [0m  [0m  [33m                                  ^--- Wrong number of args (3) passed to :black[0m
  [36m20[0m  [36m        ]])[0m
  [36m21[0m  [36m[0m
  [36m22[0m  [36m(defn card-row-shown [cards][0m
  [36m23[0m  [36m  (map render-card cards))[0m

[36m----  Compiler Warning : Please see src/spacetrader/components.cljs  ----[0m
[32mSuccessfully compiled "resources/public/js/compiled/spacetrader.js" in 3.686 seconds.[0m
notifying browser that file changed:  resources\public\js\compiled\out\spacetrader\components.js
[0mCompiling "resources/public/js/compiled/spacetrader.js" from ["src"]...[0m
[32mSuccessfully compiled "resources/public/js/compiled/spacetrader.js" in 3.791 seconds.[0m
notifying browser that file changed:  resources\public\js\compiled\out\spacetrader\components.js
[0mCompiling "resources/public/js/compiled/spacetrader.js" from ["src"]...[0m
[32mSuccessfully compiled "resources/public/js/compiled/spacetrader.js" in 3.946 seconds.[0m
notifying browser that file changed:  resources\public\js\compiled\out\spacetrader\components.js
[0mCompiling "resources/public/js/compiled/spacetrader.js" from ["src"]...[0m
[32mSuccessfully compiled "resources/public/js/compiled/spacetrader.js" in 3.32 seconds.[0m
notifying browser that file changed:  resources\public\js\compiled\out\spacetrader\components.js
[0mCompiling "resources/public/js/compiled/spacetrader.js" from ["src"]...[0m
[32mSuccessfully compiled "resources/public/js/compiled/spacetrader.js" in 3.752 seconds.[0m
notifying browser that file changed:  resources\public\js\compiled\out\spacetrader\components.js
[0mCompiling "resources/public/js/compiled/spacetrader.js" from ["src"]...[0m
[32mSuccessfully compiled "resources/public/js/compiled/spacetrader.js" in 3.323 seconds.[0m
notifying browser that file changed:  resources\public\js\compiled\out\spacetrader\components.js
[0mCompiling "resources/public/js/compiled/spacetrader.js" from ["src"]...[0m
[32mSuccessfully compiled "resources/public/js/compiled/spacetrader.js" in 3.867 seconds.[0m
notifying browser that file changed:  resources\public\js\compiled\out\spacetrader\components.js
[0mCompiling "resources/public/js/compiled/spacetrader.js" from ["src"]...[0m
[32mSuccessfully compiled "resources/public/js/compiled/spacetrader.js" in 3.664 seconds.[0m
notifying browser that file changed:  resources\public\js\compiled\out\spacetrader\components.js
[0mCompiling "resources/public/js/compiled/spacetrader.js" from ["src"]...[0m
[32mSuccessfully compiled "resources/public/js/compiled/spacetrader.js" in 3.731 seconds.[0m
notifying browser that file changed:  resources\public\js\compiled\out\spacetrader\components.js
[0mCompiling "resources/public/js/compiled/spacetrader.js" from ["src"]...[0m
[32mSuccessfully compiled "resources/public/js/compiled/spacetrader.js" in 3.749 seconds.[0m
notifying browser that file changed:  resources\public\js\compiled\out\spacetrader\components.js
[0mCompiling "resources/public/js/compiled/spacetrader.js" from ["src"]...[0m
[32mSuccessfully compiled "resources/public/js/compiled/spacetrader.js" in 2.3 seconds.[0m
notifying browser that file changed:  resources\public\js\compiled\out\spacetrader\components.js
[0mCompiling "resources/public/js/compiled/spacetrader.js" from ["src"]...[0m
[32mSuccessfully compiled "resources/public/js/compiled/spacetrader.js" in 2.988 seconds.[0m
notifying browser that file changed:  resources\public\js\compiled\out\spacetrader\components.js
[0mCompiling "resources/public/js/compiled/spacetrader.js" from ["src"]...[0m
[32mSuccessfully compiled "resources/public/js/compiled/spacetrader.js" in 3.428 seconds.[0m
notifying browser that file changed:  resources\public\js\compiled\out\spacetrader\components.js
[0mCompiling "resources/public/js/compiled/spacetrader.js" from ["src"]...[0m
[32mSuccessfully compiled "resources/public/js/compiled/spacetrader.js" in 3.171 seconds.[0m
notifying browser that file changed:  resources\public\js\compiled\out\spacetrader\components.js
[0mCompiling "resources/public/js/compiled/spacetrader.js" from ["src"]...[0m
[32mSuccessfully compiled "resources/public/js/compiled/spacetrader.js" in 3.773 seconds.[0m
notifying browser that file changed:  resources\public\js\compiled\out\spacetrader\components.js
Notifying browser that CSS file changed: resources/public/css/resource_style.css
Notifying browser that CSS file changed: resources/public/css/resource_style.css
Notifying browser that CSS file changed: resources/public/css/resource_style.css
Notifying browser that CSS file changed: resources/public/css/resource_style.css
Notifying browser that CSS file changed: resources/public/css/resource_style.css
[0mCompiling "resources/public/js/compiled/spacetrader.js" from ["src"]...[0m
[32mSuccessfully compiled "resources/public/js/compiled/spacetrader.js" in 3.396 seconds.[0m
notifying browser that file changed:  resources\public\js\compiled\out\spacetrader\components.js
Notifying browser that CSS file changed: resources/public/css/style.css
Notifying browser that CSS file changed: resources/public/css/style.css
Notifying browser that CSS file changed: resources/public/css/style.css
Notifying browser that CSS file changed: resources/public/css/style.css
Notifying browser that CSS file changed: resources/public/css/style.css
Notifying browser that CSS file changed: resources/public/css/style.css
Notifying browser that CSS file changed: resources/public/css/style.css
Notifying browser that CSS file changed: resources/public/css/style.css
Notifying browser that CSS file changed: resources/public/css/style.css
Notifying browser that CSS file changed: resources/public/css/style.css
Notifying browser that CSS file changed: resources/public/css/style.css
Notifying browser that CSS file changed: resources/public/css/style.css
Notifying browser that CSS file changed: resources/public/css/resource_style.css
Notifying browser that CSS file changed: resources/public/css/style.css
Notifying browser that CSS file changed: resources/public/css/style.css
Notifying browser that CSS file changed: resources/public/css/style.css
Notifying browser that CSS file changed: resources/public/css/style.css
Notifying browser that CSS file changed: resources/public/css/resource_style.css
Notifying browser that CSS file changed: resources/public/css/style.css
Notifying browser that CSS file changed: resources/public/css/resource_style.css
Notifying browser that CSS file changed: resources/public/css/style.css
Notifying browser that CSS file changed: resources/public/css/style.css
Notifying browser that CSS file changed: resources/public/css/style.css
Notifying browser that CSS file changed: resources/public/css/style.css
Notifying browser that CSS file changed: resources/public/css/style.css
Notifying browser that CSS file changed: resources/public/css/style.css
Notifying browser that CSS file changed: resources/public/css/style.css
Notifying browser that CSS file changed: resources/public/css/style.css
Notifying browser that CSS file changed: resources/public/css/style.css
Notifying browser that CSS file changed: resources/public/css/style.css
Notifying browser that CSS file changed: resources/public/css/style.css
Notifying browser that CSS file changed: resources/public/css/style.css
Notifying browser that CSS file changed: resources/public/css/style.css
[0mCompiling "resources/public/js/compiled/spacetrader.js" from ["src"]...[0m
[32mSuccessfully compiled "resources/public/js/compiled/spacetrader.js" in 3.433 seconds.[0m
notifying browser that file changed:  resources\public\js\compiled\out\spacetrader\core.js
[0mCompiling "resources/public/js/compiled/spacetrader.js" from ["src"]...[0m
[32mSuccessfully compiled "resources/public/js/compiled/spacetrader.js" in 4.075 seconds.[0m
notifying browser that file changed:  resources\public\js\compiled\out\spacetrader\components.js
Notifying browser that CSS file changed: resources/public/css/style.css
Notifying browser that CSS file changed: resources/public/css/style.css
Notifying browser that CSS file changed: resources/public/css/style.css
Notifying browser that CSS file changed: resources/public/css/style.css
Notifying browser that CSS file changed: resources/public/css/style.css
Notifying browser that CSS file changed: resources/public/css/style.css
Notifying browser that CSS file changed: resources/public/css/style.css
Notifying browser that CSS file changed: resources/public/css/style.css
Notifying browser that CSS file changed: resources/public/css/style.css
Notifying browser that CSS file changed: resources/public/css/style.css
Notifying browser that CSS file changed: resources/public/css/style.css
Notifying browser that CSS file changed: resources/public/css/style.css
[0mCompiling "resources/public/js/compiled/spacetrader.js" from ["src"]...[0m
[32mSuccessfully compiled "resources/public/js/compiled/spacetrader.js" in 3.962 seconds.[0m
notifying browser that file changed:  resources\public\js\compiled\out\spacetrader\core.js
